<?xml version="1.0" encoding="UTF-8"?>
<!-- Generated by org.testng.reporters.JUnitXMLReporter -->
<testsuite ignored="0" hostname="DESKTOP-4JG1F6Q" failures="0" tests="1" name="Loginpagetest" time="0.049" errors="0" timestamp="18 Jun 2019 06:44:03 GMT">
  <testcase classname="skillspages.Loginpage" name="@BeforeTest navigateUrl" time="0.009">
    <failure type="java.lang.NullPointerException">
      <![CDATA[java.lang.NullPointerException
at utils.commonlib.openbrowser(commonlib.java:63)
at skillspages.Loginpage.navigateUrl(Loginpage.java:22)
... Removed 24 stack frames]]>
    </failure>
  </testcase> <!-- @BeforeTest navigateUrl -->
  <testcase classname="skillspages.Loginpage" name="ValidLogin" time="0.0">
    <skipped/>
  </testcase> <!-- ValidLogin -->
</testsuite> <!-- Loginpagetest -->
