<?xml version="1.0" encoding="UTF-8"?>
<!-- Generated by org.testng.reporters.JUnitXMLReporter -->
<testsuite ignored="0" hostname="DESKTOP-4JG1F6Q" failures="0" tests="3" name="Test" time="10.302" errors="0" timestamp="17 Jun 2019 23:10:13 GMT">
  <testcase classname="skillspages.Loginpage" name="InValidLogin" time="0.014"/>
  <testcase classname="skillspages.Loginpage" name="ValidLogin" time="0.001"/>
  <testcase classname="skillspages.Loginpage" name="navigateUrl" time="10.257"/>
</testsuite> <!-- Test -->
