<?xml version="1.0" encoding="UTF-8"?>
<!-- Generated by org.testng.reporters.JUnitXMLReporter -->
<testsuite ignored="0" hostname="DESKTOP-4JG1F6Q" failures="1" tests="3" name="Test" time="0.776" errors="0" timestamp="17 Jun 2019 02:06:18 GMT">
  <testcase classname="skillspages.Loginpage" name="InValidLogin" time="0.01"/>
  <testcase classname="skillspages.Loginpage" name="ValidLogin" time="0.001"/>
  <testcase classname="skillspages.Loginpage" name="navigateUrl" time="0.734">
    <failure type="java.lang.NullPointerException">
      <![CDATA[java.lang.NullPointerException
at skillspages.Loginpage.navigateUrl(Loginpage.java:19)
... Removed 25 stack frames]]>
    </failure>
  </testcase> <!-- navigateUrl -->
</testsuite> <!-- Test -->
