<?xml version="1.0" encoding="UTF-8"?>
<testng-results ignored="0" total="2" passed="2" failed="0" skipped="0">
  <reporter-output>
  </reporter-output>
  <suite started-at="2019-06-20T00:15:33Z" name="Default suite" finished-at="2019-06-20T00:16:02Z" duration-ms="28245">
    <groups>
    </groups>
    <test started-at="2019-06-20T00:15:33Z" name="Default test" finished-at="2019-06-20T00:16:02Z" duration-ms="28245">
      <class name="skillspages.Loginpage">
        <test-method is-config="true" signature="navigateUrl()[pri:0, instance:skillspages.Loginpage@1a0dcaa]" started-at="2019-06-20T00:15:33Z" name="navigateUrl" finished-at="2019-06-20T00:15:48Z" duration-ms="14185" status="PASS">
          <reporter-output>
          </reporter-output>
        </test-method> <!-- navigateUrl -->
        <test-method signature="InValidLogin()[pri:0, instance:skillspages.Loginpage@1a0dcaa]" started-at="2019-06-20T00:15:48Z" name="InValidLogin" finished-at="2019-06-20T00:15:48Z" duration-ms="822" status="PASS">
          <reporter-output>
          </reporter-output>
        </test-method> <!-- InValidLogin -->
        <test-method is-config="true" signature="Close()[pri:0, instance:skillspages.Loginpage@1a0dcaa]" started-at="2019-06-20T00:15:48Z" name="Close" finished-at="2019-06-20T00:15:49Z" duration-ms="819" status="PASS">
          <reporter-output>
          </reporter-output>
        </test-method> <!-- Close -->
        <test-method is-config="true" signature="navigateUrl()[pri:0, instance:skillspages.Loginpage@1a0dcaa]" started-at="2019-06-20T00:15:49Z" name="navigateUrl" finished-at="2019-06-20T00:16:00Z" duration-ms="10748" status="PASS">
          <reporter-output>
          </reporter-output>
        </test-method> <!-- navigateUrl -->
        <test-method signature="ValidLogin()[pri:0, instance:skillspages.Loginpage@1a0dcaa]" started-at="2019-06-20T00:16:00Z" name="ValidLogin" finished-at="2019-06-20T00:16:01Z" duration-ms="848" status="PASS">
          <reporter-output>
          </reporter-output>
        </test-method> <!-- ValidLogin -->
        <test-method is-config="true" signature="Close()[pri:0, instance:skillspages.Loginpage@1a0dcaa]" started-at="2019-06-20T00:16:01Z" name="Close" finished-at="2019-06-20T00:16:02Z" duration-ms="791" status="PASS">
          <reporter-output>
          </reporter-output>
        </test-method> <!-- Close -->
      </class> <!-- skillspages.Loginpage -->
    </test> <!-- Default test -->
  </suite> <!-- Default suite -->
</testng-results>
